Build started 2/10/2019 10:35:04 AM.
     1>Project "E:\xiaoly\xiaoly\xiaoly.vcxproj" on node 2 (build target(s)).
     1>InitializeBuildStatus:
         Creating "Debug\xiaoly.unsuccessfulbuild" because "AlwaysCreate" was specified.
       ClCompile:
         C:\Program Files (x86)\Microsoft Visual Studio 10.0\VC\bin\CL.exe /c /ZI /nologo /W3 /WX- /Od /Oy- /D _MBCS /Gm /EHsc /RTC1 /MDd /GS /fp:precise /Zc:wchar_t /Zc:forScope /Fo"Debug\\" /Fd"Debug\vc100.pdb" /Gd /TP /analyze- /errorReport:prompt iMain.cpp
         Skipping... (no relevant changes detected)
         iMain.cpp
       Link:
         C:\Program Files (x86)\Microsoft Visual Studio 10.0\VC\bin\link.exe /ERRORREPORT:PROMPT /OUT:"E:\xiaoly\Debug\xiaoly.exe" /NOLOGO kernel32.lib user32.lib gdi32.lib winspool.lib comdlg32.lib advapi32.lib shell32.lib ole32.lib oleaut32.lib uuid.lib odbc32.lib odbccp32.lib /MANIFEST /ManifestFile:"Debug\xiaoly.exe.intermediate.manifest" /MANIFESTUAC:"level='asInvoker' uiAccess='false'" /DEBUG /PDB:"E:\xiaoly\Debug\xiaoly.pdb" /TLBID:1 /DYNAMICBASE /NXCOMPAT /IMPLIB:"E:\xiaoly\Debug\xiaoly.lib" /MACHINE:X86 Debug\iMain.obj
         LINK : E:\xiaoly\Debug\xiaoly.exe not found or not built by the last incremental link; performing full link
         xiaoly.vcxproj -> E:\xiaoly\Debug\xiaoly.exe
       Manifest:
         C:\Program Files (x86)\Microsoft SDKs\Windows\v7.0A\bin\mt.exe /nologo /verbose /outputresource:"E:\xiaoly\Debug\xiaoly.exe;#1" /manifest Debug\xiaoly.exe.intermediate.manifest
       FinalizeBuildStatus:
         Deleting file "Debug\xiaoly.unsuccessfulbuild".
         Touching "Debug\xiaoly.lastbuildstate".
     1>Done Building Project "E:\xiaoly\xiaoly\xiaoly.vcxproj" (build target(s)).

Build succeeded.

Time Elapsed 00:00:01.50
